 2025-09-09 20:25:29 [ERROR]: Cannot read properties of undefined (reading 'id')
 2025-09-09 20:26:53 [ERROR]: request-error
 2025-09-09 20:26:57 [ERROR]: request-error
 2025-09-09 20:27:31 [INFO]: Recruiter logged in: mdwear2005@gmail.com
 2025-09-09 20:27:44 [ERROR]: request-error
 2025-09-09 20:27:44 [ERROR]: decode-errro
 2025-09-09 20:27:46 [ERROR]: request-error
 2025-09-09 20:27:46 [ERROR]: decode-errro
 2025-09-09 20:28:09 [ERROR]: request-error
 2025-09-09 20:28:09 [ERROR]: decode-errro
 2025-09-09 20:28:10 [ERROR]: request-error
 2025-09-09 20:28:10 [ERROR]: decode-errro
 2025-09-09 20:28:12 [ERROR]: request-error
 2025-09-09 20:28:14 [ERROR]: request-error
 2025-09-09 20:28:24 [INFO]: Recruiter logged in: mdwear2005@gmail.com
 2025-09-09 20:28:25 [ERROR]: request-error
 2025-09-09 20:28:25 [ERROR]: request-error
 2025-09-09 20:28:44 [ERROR]: request-error
 2025-09-09 20:28:44 [ERROR]: decode-errro
 2025-09-09 20:28:44 [ERROR]: request-error
 2025-09-09 20:28:44 [ERROR]: decode-errro
 2025-09-09 20:29:33 [ERROR]: request-error
 2025-09-09 20:29:39 [INFO]: Recruiter logged in: mdwear2005@gmail.com
 2025-09-09 20:29:40 [ERROR]: request-error
 2025-09-09 20:29:40 [ERROR]: request-error
 2025-09-09 20:29:58 [ERROR]: request-error
 2025-09-09 20:30:26 [ERROR]: request-error
 2025-09-09 20:31:14 [INFO]: Recruiter logged in: mdwear2005@gmail.com
 2025-09-09 20:34:59 [ERROR]: Converting circular structure to JSON
    --> starting at object with constructor 'Socket'
    |     property 'parser' -> object with constructor 'HTTPParser'
    --- property 'socket' closes the circle
 2025-09-09 20:35:47 [ERROR]: Cannot read properties of undefined (reading 'id')
 2025-09-09 20:37:32 [ERROR]: Cannot read properties of undefined (reading 'id')
 2025-09-09 20:37:33 [INFO]: token
 2025-09-09 20:37:33 [INFO]: Recruiter logged in: mdwear2005@gmail.com
 2025-09-09 20:37:34 [ERROR]: Cannot read properties of undefined (reading 'id')
 2025-09-09 20:37:34 [ERROR]: Cannot read properties of undefined (reading 'id')
 2025-09-09 20:37:56 [ERROR]: Cannot read properties of undefined (reading 'id')
 2025-09-09 20:37:58 [INFO]: token
 2025-09-09 20:37:58 [INFO]: Recruiter logged in: mdwear2005@gmail.com
 2025-09-09 20:37:59 [ERROR]: Cannot read properties of undefined (reading 'id')
 2025-09-09 20:37:59 [ERROR]: Cannot read properties of undefined (reading 'id')
 2025-09-09 20:38:05 [ERROR]: Cannot read properties of undefined (reading 'id')
 2025-09-09 20:38:28 [ERROR]: Cannot read properties of undefined (reading 'id')
 2025-09-09 20:39:04 [ERROR]: Cannot read properties of undefined (reading 'id')
 2025-09-09 20:41:15 [INFO]: token
 2025-09-09 20:41:15 [INFO]: Recruiter logged in: mdwear2005@gmail.com
 2025-09-09 20:42:39 [INFO]: token
 2025-09-09 20:42:39 [INFO]: Recruiter logged in: mdwear2005@gmail.com
 2025-09-09 20:42:54 [INFO]: token
 2025-09-09 20:42:54 [INFO]: Recruiter logged in: mdwear2005@gmail.com
 2025-09-09 20:45:47 [INFO]: token
 2025-09-09 20:45:47 [INFO]: Recruiter logged in: mdwear2005@gmail.com
 2025-09-09 20:46:31 [INFO]: token
 2025-09-09 20:46:31 [INFO]: Recruiter logged in: mdwear2005@gmail.com
 2025-09-09 20:47:03 [INFO]: token
 2025-09-09 20:47:03 [INFO]: Recruiter logged in: mdwear2005@gmail.com
 2025-09-09 20:49:18 [INFO]: token
 2025-09-09 20:49:18 [INFO]: Recruiter logged in: mdwear2005@gmail.com
 2025-09-09 20:49:29 [INFO]: token
 2025-09-09 20:49:29 [INFO]: Recruiter logged in: mdwear2005@gmail.com
 2025-09-09 20:52:13 [INFO]: token
 2025-09-09 20:52:13 [INFO]: Recruiter logged in: mdwear2005@gmail.com
 2025-09-09 20:52:51 [INFO]: token
 2025-09-09 20:52:51 [INFO]: Recruiter logged in: mdwear2005@gmail.com
 2025-09-09 21:05:22 [INFO]: token
 2025-09-09 21:05:22 [INFO]: Recruiter logged in: mdwear2005@gmail.com
 2025-09-09 22:01:10 [ERROR]: E11000 duplicate key error collection: job-board.recruiters index: userId_1 dup key: { userId: null }
 2025-09-09 22:01:31 [ERROR]: E11000 duplicate key error collection: job-board.recruiters index: userId_1 dup key: { userId: null }
 2025-09-09 22:03:17 [INFO]: token
 2025-09-09 22:03:17 [INFO]: Recruiter logged in: mdwear2005@gmail.com
 2025-09-09 22:15:40 [ERROR]: newUser is not defined
 2025-09-09 22:15:40 [ERROR]: newUser is not defined
 2025-09-09 22:16:04 [INFO]: OTP sent to recruiter: mdwear2005@gmail.com
 2025-09-09 22:17:06 [INFO]: OTP sent to recruiter: mdwear2005@gmail.com
 2025-09-09 22:20:42 [INFO]: OTP sent to recruiter: mdwear2005@gmail.com
 2025-09-09 22:20:58 [INFO]: OTP sent to recruiter: mdwear2005@gmail.com
 2025-09-09 22:21:01 [INFO]: OTP sent to recruiter: mdwear2005@gmail.com
 2025-09-09 22:30:44 [INFO]: OTP sent to recruiter: mdwear2005@gmail.com
 2025-09-09 22:50:44 [INFO]: token
 2025-09-09 22:50:44 [INFO]: Recruiter logged in: mdwear2005@gmail.com
 2025-09-09 22:51:17 [INFO]: OTP sent to recruiter: mdwear2005@gmail.com
 2025-09-09 23:10:31 [INFO]: token
 2025-09-09 23:10:31 [INFO]: Recruiter logged in: mdwear2005@gmail.com
 2025-09-09 23:12:16 [ERROR]: validationResult is not defined
 2025-09-09 23:12:32 [ERROR]: email is not defined
 2025-09-09 23:13:08 [ERROR]: Company validation failed: industry: Path `industry` is required.
 2025-09-09 23:14:17 [ERROR]: E11000 duplicate key error collection: job-board.companies index: companyEmail_1 dup key: { companyEmail: null }
 2025-09-09 23:16:50 [INFO]: Company created: habib-tech
 2025-09-09 23:21:45 [INFO]: token
 2025-09-09 23:21:45 [INFO]: Recruiter logged in: mdwear2005@gmail.com
 2025-09-09 23:22:18 [INFO]: token
 2025-09-09 23:22:18 [INFO]: Recruiter logged in: mdwear2005@gmail.com
 2025-09-15 06:58:38 [INFO]: token
 2025-09-15 06:58:38 [ERROR]: recruiter is not defined
 2025-09-15 06:58:39 [INFO]: token
 2025-09-15 06:58:39 [ERROR]: recruiter is not defined
 2025-09-15 06:59:11 [INFO]: token
 2025-09-15 07:00:48 [INFO]: token
 2025-09-15 07:05:03 [ERROR]: secretOrPrivateKey must have a value
 2025-09-15 07:05:03 [ERROR]: ErrorHandler is not defined
 2025-09-15 07:05:04 [ERROR]: secretOrPrivateKey must have a value
 2025-09-15 07:05:04 [ERROR]: ErrorHandler is not defined
 2025-09-15 07:05:53 [INFO]: token
 2025-09-15 07:05:54 [ERROR]: Cast to ObjectId failed for value "5492645965697" (type number) at path "_id" for model "Recruiter"
 2025-09-15 07:06:26 [ERROR]: Cast to ObjectId failed for value "5492645965697" (type number) at path "_id" for model "Recruiter"
 2025-09-15 07:06:30 [ERROR]: Cast to ObjectId failed for value "5492645965697" (type number) at path "_id" for model "Recruiter"
 2025-09-15 07:08:09 [INFO]: token
 2025-09-15 07:08:10 [ERROR]: Cast to ObjectId failed for value "5492645965697" (type number) at path "_id" for model "Recruiter"
 2025-09-15 07:08:16 [INFO]: token
 2025-09-15 07:08:17 [ERROR]: Cast to ObjectId failed for value "5492645965697" (type number) at path "_id" for model "Recruiter"
 2025-09-15 07:08:25 [ERROR]: Cast to ObjectId failed for value "5492645965697" (type number) at path "_id" for model "Recruiter"
 2025-09-15 07:09:51 [INFO]: token
 2025-09-15 07:09:52 [INFO]: token
 2025-09-15 07:10:01 [INFO]: token
 2025-09-15 07:10:18 [INFO]: token
 2025-09-15 07:11:01 [INFO]: token
 2025-09-15 07:11:54 [INFO]: token
 2025-09-15 19:06:28 [INFO]: token
 2025-09-15 19:38:34 [INFO]: token
 2025-09-16 19:08:55 [INFO]: token
 2025-09-16 19:39:26 [INFO]: token
 2025-09-16 19:49:29 [INFO]: token
 2025-09-16 19:56:31 [INFO]: OTP sent to recruiter: rhaman@gmail.com
 2025-09-16 19:57:41 [INFO]: OTP verified for recruiter: rhaman@gmail.com
 2025-09-16 20:01:20 [INFO]: OTP verified for recruiter: rhaman@gmail.com
 2025-09-16 20:47:01 [INFO]: token
 2025-09-16 21:06:27 [INFO]: token
 2025-09-17 18:34:15 [INFO]: token
 2025-09-17 18:34:47 [INFO]: token
 2025-09-17 19:00:03 [INFO]: token
 2025-09-17 19:09:11 [INFO]: token
 2025-09-17 20:07:03 [INFO]: token
 2025-09-18 06:11:39 [INFO]: token
 2025-09-18 06:43:09 [INFO]: token
 2025-09-18 21:46:40 [INFO]: token
 2025-09-18 22:18:27 [INFO]: token
 2025-09-19 07:32:24 [INFO]: token
 2025-09-19 07:32:59 [INFO]: token
 2025-09-19 08:03:06 [INFO]: token
 2025-09-19 08:38:01 [INFO]: token
 2025-09-19 10:54:54 [INFO]: token
 2025-09-19 12:00:29 [INFO]: token
 2025-09-19 12:01:22 [INFO]: token
 2025-09-19 17:26:49 [INFO]: token
 2025-09-19 17:28:57 [INFO]: OTP sent to recruiter: rhaman@gmail.com
 2025-09-19 17:30:59 [INFO]: OTP sent to recruiter: rhaman@gmail.com
 2025-09-19 17:32:05 [INFO]: OTP sent to recruiter: rhaman@gmail.com
 2025-09-19 17:35:50 [INFO]: OTP sent to recruiter: rhaman@gmail.com
 2025-09-19 17:37:48 [INFO]: OTP sent to recruiter: rhaman@gmail.com
 2025-09-19 17:39:43 [INFO]: OTP sent to recruiter: rhaman@gmail.com
 2025-09-19 17:40:49 [INFO]: OTP sent to recruiter: rhaman@gmail.com
 2025-09-19 17:42:12 [INFO]: OTP sent to recruiter: rhaman@gmail.com
 2025-09-19 17:43:03 [INFO]: OTP sent to recruiter: rhaman@gmail.com
 2025-09-19 17:48:58 [INFO]: OTP sent to recruiter: rhaman@gmail.com
 2025-09-19 17:50:49 [INFO]: OTP sent to recruiter: rhaman@gmail.com
 2025-09-19 17:50:59 [INFO]: OTP verified for recruiter: rhaman@gmail.com
 2025-09-19 17:51:20 [INFO]: token
 2025-09-19 17:51:36 [INFO]: OTP sent to recruiter: rhaman@gmail.com
 2025-09-19 17:52:59 [INFO]: OTP sent to recruiter: rhaman@gmail.com
 2025-09-19 17:53:28 [INFO]: OTP verified for recruiter: rhaman@gmail.com
 2025-09-19 18:33:00 [INFO]: token
 2025-09-19 18:33:05 [INFO]: OTP sent to recruiter: rhaman@gmail.com
 2025-09-19 18:33:11 [INFO]: OTP verified for recruiter: rhaman@gmail.com
 2025-09-19 19:08:35 [INFO]: token
 2025-09-19 19:08:49 [INFO]: OTP sent to recruiter: rhaman@gmail.com
 2025-09-19 19:08:53 [INFO]: OTP verified for recruiter: rhaman@gmail.com
 2025-09-19 19:18:54 [INFO]: OTP sent to recruiter: rhaman@gmail.com
 2025-09-19 19:18:58 [INFO]: OTP verified for recruiter: rhaman@gmail.com
 2025-09-19 19:50:40 [INFO]: token
 2025-09-19 19:50:47 [INFO]: OTP sent to recruiter: rhaman@gmail.com
 2025-09-19 19:50:51 [INFO]: OTP verified for recruiter: rhaman@gmail.com
 2025-09-19 19:51:42 [INFO]: OTP sent to recruiter: rhaman@gmail.com
 2025-09-19 19:51:45 [INFO]: OTP verified for recruiter: rhaman@gmail.com
 2025-09-19 19:54:23 [INFO]: OTP sent to recruiter: rhaman@gmail.com
 2025-09-19 19:54:27 [INFO]: OTP verified for recruiter: rhaman@gmail.com
 2025-09-19 19:56:18 [INFO]: OTP sent to recruiter: rhaman@gmail.com
 2025-09-19 19:56:21 [INFO]: OTP verified for recruiter: rhaman@gmail.com
 2025-09-19 19:58:11 [INFO]: OTP sent to recruiter: rhaman@gmail.com
 2025-09-19 19:58:15 [INFO]: OTP verified for recruiter: rhaman@gmail.com
 2025-09-19 20:04:00 [INFO]: OTP sent to recruiter: rhaman@gmail.com
 2025-09-19 20:04:02 [INFO]: OTP verified for recruiter: rhaman@gmail.com
 2025-09-19 20:56:37 [INFO]: token
 2025-09-19 20:56:44 [INFO]: OTP sent to recruiter: rhaman@gmail.com
 2025-09-19 20:56:48 [INFO]: OTP verified for recruiter: rhaman@gmail.com
 2025-09-19 21:30:07 [INFO]: token
 2025-09-20 06:18:14 [INFO]: token
 2025-09-20 06:18:22 [INFO]: OTP sent to recruiter: rhaman@gmail.com
 2025-09-20 06:18:26 [INFO]: OTP verified for recruiter: rhaman@gmail.com
 2025-09-20 06:26:08 [INFO]: OTP sent to recruiter: rhaman@gmail.com
 2025-09-20 06:29:31 [INFO]: OTP sent to recruiter: rhaman@gmail.com
 2025-09-20 06:29:34 [INFO]: OTP verified for recruiter: rhaman@gmail.com
 2025-09-20 06:59:11 [INFO]: token
 2025-09-20 06:59:18 [INFO]: OTP sent to recruiter: rhaman@gmail.com
 2025-09-20 06:59:21 [INFO]: OTP verified for recruiter: rhaman@gmail.com
 2025-09-20 07:02:00 [INFO]: OTP sent to recruiter: rhaman@gmail.com
 2025-09-20 07:02:04 [INFO]: OTP verified for recruiter: rhaman@gmail.com
 2025-09-20 20:38:20 [INFO]: token
 2025-09-20 20:38:27 [INFO]: OTP sent to recruiter: rhaman@gmail.com
 2025-09-20 20:39:00 [INFO]: token
 2025-09-20 21:09:02 [INFO]: token
 2025-09-21 19:14:16 [INFO]: token
 2025-09-21 19:53:32 [INFO]: token
 2025-09-21 19:53:57 [INFO]: token
 2025-09-21 19:54:38 [INFO]: token
 2025-09-21 20:48:06 [INFO]: token
 2025-09-21 20:55:33 [INFO]: token
 2025-09-21 20:57:48 [INFO]: token
 2025-09-21 21:19:38 [INFO]: token
 2025-09-21 21:35:17 [INFO]: token
 2025-09-22 20:51:33 [INFO]: token
 2025-09-22 21:03:45 [INFO]: token
 2025-09-22 21:07:19 [INFO]: token
 2025-09-26 11:05:42 [ERROR]: secretOrPrivateKey must have a value
 2025-09-26 11:05:44 [ERROR]: secretOrPrivateKey must have a value
 2025-09-26 11:06:19 [ERROR]: secretOrPrivateKey must have a value
 2025-09-26 19:41:14 [INFO]: token
 2025-09-26 19:41:24 [INFO]: token
 2025-09-26 19:41:42 [INFO]: token
 2025-09-26 19:42:53 [ERROR]: secretOrPrivateKey must have a value
 2025-09-26 19:42:53 [ERROR]: failed to generate Token
 2025-09-26 19:43:56 [INFO]: token
 2025-09-26 19:45:24 [INFO]: OTP sent to recruiter: rhaman@gmail.com
 2025-09-26 19:45:38 [INFO]: OTP verified for recruiter: rhaman@gmail.com
 2025-09-30 21:58:23 [INFO]: OTP sent to recruiter: habib.dev@gmail.com
 2025-09-30 21:58:32 [INFO]: OTP verified for recruiter: rhaman@gmail.com
 2025-09-30 21:59:17 [ERROR]: Operation `recruiters.findOne()` buffering timed out after 10000ms
 2025-09-30 21:59:28 [ERROR]: Operation `recruiters.findOne()` buffering timed out after 10000ms
 2025-09-30 22:05:06 [INFO]: token
 2025-09-30 22:05:43 [INFO]: OTP sent to recruiter: rhaman@gmail.com
 2025-09-30 22:05:46 [INFO]: OTP verified for recruiter: rhaman@gmail.com
 2025-10-02 06:44:01 [INFO]: OTP sent to recruiter: habib.dev@gmail.com
 2025-10-02 06:44:05 [INFO]: OTP verified for recruiter: rhaman@gmail.com
 2025-10-02 06:45:38 [INFO]: token
 2025-10-03 18:44:13 [ERROR]: secretOrPrivateKey must have a value
 2025-10-09 20:31:48 [INFO]: token
 2025-10-09 20:31:58 [INFO]: OTP sent to recruiter: rhaman@gmail.com
 2025-10-09 20:32:06 [INFO]: OTP verified for recruiter: rhaman@gmail.com
 2025-10-10 09:50:40 [INFO]: token
 2025-10-10 09:51:20 [INFO]: OTP sent to recruiter: rhaman@gmail.com
 2025-10-10 09:51:48 [INFO]: OTP verified for recruiter: rhaman@gmail.com
 2025-10-10 09:55:32 [INFO]: OTP sent to recruiter: rhaman@gmail.com
 2025-10-10 09:56:49 [INFO]: OTP sent to recruiter: rhaman@gmail.com
 2025-10-10 09:57:03 [INFO]: OTP verified for recruiter: rhaman@gmail.com
 2025-10-10 09:58:17 [INFO]: OTP sent to recruiter: rhaman@gmail.com
 2025-10-10 09:58:20 [INFO]: OTP verified for recruiter: rhaman@gmail.com
 2025-10-10 11:39:59 [INFO]: token
 2025-10-10 11:40:10 [INFO]: token
 2025-10-10 11:40:43 [INFO]: token
 2025-10-10 11:41:42 [INFO]: token
 2025-10-10 11:42:35 [INFO]: token
 2025-10-10 11:42:55 [INFO]: token
 2025-10-10 11:43:08 [INFO]: token
 2025-10-10 11:43:28 [INFO]: token
 2025-10-10 11:43:58 [INFO]: token
 2025-10-10 11:44:40 [INFO]: token
 2025-10-10 11:46:42 [INFO]: token
 2025-10-10 11:46:55 [INFO]: token
 2025-10-10 11:48:05 [INFO]: token
 2025-10-10 11:53:00 [INFO]: token
 2025-10-10 11:53:57 [INFO]: token
 2025-10-10 11:54:33 [INFO]: token
 2025-10-10 11:54:45 [INFO]: token
 2025-10-10 11:55:06 [INFO]: token
 2025-10-10 11:55:22 [INFO]: token
 2025-10-10 11:56:17 [INFO]: token
 2025-10-10 12:01:41 [INFO]: token
 2025-10-10 19:11:21 [INFO]: token
 2025-10-10 19:12:00 [INFO]: token
 2025-10-10 19:25:04 [INFO]: token
 2025-10-10 19:25:31 [INFO]: token
 2025-10-10 19:57:14 [INFO]: token
 2025-10-10 20:30:04 [INFO]: token
 2025-10-10 20:30:41 [INFO]: token
 2025-10-10 20:43:21 [INFO]: token
 2025-10-10 20:44:01 [INFO]: token
 2025-10-10 20:45:59 [INFO]: token
 2025-10-10 21:13:36 [INFO]: OTP sent to recruiter: rhaman@gmail.com
 2025-10-10 21:16:03 [INFO]: token
 2025-10-10 21:16:22 [INFO]: token
 2025-10-10 21:16:57 [INFO]: token
 2025-10-10 21:17:50 [INFO]: token
 2025-10-10 21:19:17 [INFO]: OTP sent to recruiter: rhaman@gmail.com
 2025-10-10 21:19:28 [INFO]: OTP verified for recruiter: rhaman@gmail.com
 2025-10-10 21:32:39 [INFO]: token
 2025-10-10 21:32:48 [INFO]: token
 2025-10-10 21:34:35 [INFO]: token
 2025-10-10 21:34:56 [INFO]: OTP sent to recruiter: rhaman@gmail.com
 2025-10-10 21:35:21 [INFO]: OTP verified for recruiter: rhaman@gmail.com
 2025-10-10 21:52:52 [INFO]: OTP sent to recruiter: rhaman@gmail.com
 2025-10-10 21:54:34 [INFO]: OTP sent to recruiter: rhaman@gmail.com
 2025-10-10 21:54:39 [INFO]: OTP sent to recruiter: rhaman@gmail.com
 2025-10-10 22:01:36 [INFO]: OTP sent to recruiter: rhaman@gmail.com
 2025-10-10 22:02:44 [INFO]: OTP sent to recruiter: rhaman@gmail.com
 2025-10-10 22:05:08 [INFO]: token
 2025-10-10 22:05:54 [INFO]: OTP sent to recruiter: rhaman@gmail.com
 2025-10-10 22:07:17 [INFO]: OTP sent to recruiter: rhaman@gmail.com
 2025-10-10 22:07:50 [INFO]: OTP sent to recruiter: rhaman@gmail.com
 2025-10-10 22:09:23 [INFO]: OTP sent to recruiter: rhaman@gmail.com
 2025-10-10 22:11:55 [INFO]: OTP sent to recruiter: rhaman@gmail.com
 2025-10-10 22:12:04 [INFO]: OTP verified for recruiter: rhaman@gmail.com
 2025-10-11 05:58:49 [INFO]: token
 2025-10-11 05:59:00 [INFO]: OTP sent to recruiter: rhaman@gmail.com
 2025-10-11 06:00:24 [INFO]: OTP sent to recruiter: rhaman@gmail.com
 2025-10-11 06:01:27 [INFO]: OTP sent to recruiter: rhaman@gmail.com
 2025-10-11 06:01:46 [INFO]: OTP sent to recruiter: rhaman@gmail.com
 2025-10-11 06:03:05 [INFO]: OTP sent to recruiter: rhaman@gmail.com
 2025-10-11 06:17:16 [INFO]: OTP sent to recruiter: habib.dev@gmail.com
 2025-10-11 06:19:32 [INFO]: OTP sent to recruiter: habib.dev@gmail.com
 2025-10-11 06:20:56 [INFO]: OTP sent to recruiter: habib.dev@gmail.com
 2025-10-11 06:21:27 [INFO]: OTP verified for recruiter: rhaman@gmail.com
 2025-10-11 06:27:24 [INFO]: token
 2025-10-11 06:27:29 [INFO]: token
 2025-10-11 06:32:42 [INFO]: OTP sent to recruiter: rhaman@gmail.com
 2025-10-11 06:32:55 [INFO]: OTP verified for recruiter: rhaman@gmail.com
 2025-10-11 06:33:47 [ERROR]: Operation `recruiters.findOne()` buffering timed out after 10000ms
 2025-10-11 06:34:00 [ERROR]: Operation `recruiters.findOne()` buffering timed out after 10000ms
 2025-10-11 06:35:43 [ERROR]: Operation `recruiters.findOne()` buffering timed out after 10000ms
 2025-10-11 06:35:55 [ERROR]: Operation `recruiters.findOne()` buffering timed out after 10000ms
 2025-10-11 06:42:51 [ERROR]: Operation `recruiters.findOne()` buffering timed out after 10000ms
 2025-10-11 06:43:03 [ERROR]: Operation `recruiters.findOne()` buffering timed out after 10000ms
 2025-10-11 06:43:35 [INFO]: token
 2025-10-11 06:43:44 [INFO]: token
 2025-10-11 06:44:18 [INFO]: token
 2025-10-11 20:09:13 [INFO]: token
 2025-10-11 20:09:26 [INFO]: token
 2025-10-11 20:09:29 [INFO]: token
 2025-10-11 20:09:36 [INFO]: token
 2025-10-11 20:09:48 [INFO]: token
 2025-10-11 20:10:01 [INFO]: token
 2025-10-11 20:10:09 [INFO]: token
 2025-10-11 20:10:15 [INFO]: token
 2025-10-11 20:10:18 [INFO]: token
 2025-10-11 20:11:04 [INFO]: token
 2025-10-11 20:11:17 [INFO]: token
 2025-10-11 20:11:48 [INFO]: token
 2025-10-11 20:12:00 [INFO]: OTP sent to recruiter: rhaman@gmail.com
 2025-10-11 20:12:04 [INFO]: OTP verified for recruiter: rhaman@gmail.com
 2025-10-11 20:27:14 [INFO]: token
 2025-10-11 20:31:32 [INFO]: token
 2025-10-11 20:36:36 [INFO]: token
 2025-10-11 20:37:56 [INFO]: token
 2025-10-11 20:38:40 [INFO]: token
 2025-10-11 20:39:02 [INFO]: token
 2025-10-11 20:49:21 [INFO]: token
 2025-10-11 20:49:53 [INFO]: token
 2025-10-11 20:50:13 [INFO]: token
 2025-10-11 20:50:56 [INFO]: token
 2025-10-11 20:51:08 [INFO]: token
 2025-10-12 20:16:27 [INFO]: OTP sent to recruiter: habib.dev@gmail.com
 2025-10-12 20:16:32 [INFO]: OTP verified for recruiter: rhaman@gmail.com
 2025-10-12 22:19:02 [INFO]: token
 2025-10-12 22:20:30 [INFO]: OTP sent to recruiter: rhaman@gmail.com
 2025-10-12 22:20:38 [INFO]: OTP verified for recruiter: rhaman@gmail.com
 2025-10-12 22:34:54 [INFO]: OTP sent to recruiter: rhaman@gmail.com
 2025-10-12 22:34:58 [INFO]: OTP verified for recruiter: rhaman@gmail.com
 2025-10-13 06:19:16 [INFO]: token
 2025-10-13 06:19:26 [INFO]: OTP sent to recruiter: rhaman@gmail.com
 2025-10-13 06:19:32 [INFO]: OTP verified for recruiter: rhaman@gmail.com
 2025-10-14 06:19:34 [INFO]: token
 2025-10-14 06:19:52 [INFO]: OTP sent to recruiter: rhaman@gmail.com
 2025-10-14 06:20:06 [INFO]: OTP verified for recruiter: rhaman@gmail.com
 2025-10-14 06:22:24 [INFO]: token
 2025-10-14 06:26:22 [INFO]: token
 2025-10-14 06:26:40 [INFO]: OTP sent to recruiter: rhaman@gmail.com
 2025-10-14 06:26:49 [INFO]: OTP verified for recruiter: rhaman@gmail.com
 2025-10-14 06:27:31 [INFO]: token
 2025-10-20 19:19:14 [INFO]: token
 2025-10-20 19:19:22 [INFO]: OTP sent to recruiter: rhaman@gmail.com
 2025-10-20 19:19:27 [INFO]: OTP verified for recruiter: rhaman@gmail.com
 2025-10-25 17:42:45 [ERROR]: secretOrPrivateKey must have a value
