 2025-09-08 20:27:42 [ERROR]: new testing error
 2025-09-09 20:08:53 [ERROR]: request-error
 2025-09-09 20:11:15 [ERROR]: request-error
 2025-09-09 20:11:21 [ERROR]: request-error
 2025-09-09 20:11:27 [ERROR]: request-error
 2025-09-09 20:13:26 [ERROR]: request-error
 2025-09-09 20:14:23 [ERROR]: request-error
 2025-09-09 20:15:23 [ERROR]: request-error
 2025-09-09 20:15:24 [ERROR]: request-error
 2025-09-09 20:16:10 [ERROR]: request-error
 2025-09-09 20:16:11 [ERROR]: request-error
 2025-09-09 20:21:22 [ERROR]: request-error
 2025-09-09 20:22:06 [ERROR]: request-error
 2025-09-09 20:22:12 [ERROR]: request-error
 2025-09-09 20:22:43 [ERROR]: request-error
 2025-09-09 20:22:49 [ERROR]: request-error
 2025-09-09 20:22:49 [ERROR]: request-error
 2025-09-09 20:23:21 [ERROR]: request-error
 2025-09-09 20:23:23 [ERROR]: request-error
 2025-09-09 20:24:05 [ERROR]: request-error
 2025-09-09 20:24:11 [ERROR]: request-error
 2025-09-09 20:24:13 [ERROR]: request-error
 2025-09-09 20:24:13 [ERROR]: request-error
 2025-09-09 20:25:29 [ERROR]: Cannot read properties of undefined (reading 'id')
 2025-09-09 20:26:53 [ERROR]: request-error
 2025-09-09 20:26:57 [ERROR]: request-error
 2025-09-09 20:27:44 [ERROR]: request-error
 2025-09-09 20:27:44 [ERROR]: decode-errro
 2025-09-09 20:27:46 [ERROR]: request-error
 2025-09-09 20:27:46 [ERROR]: decode-errro
 2025-09-09 20:28:09 [ERROR]: request-error
 2025-09-09 20:28:09 [ERROR]: decode-errro
 2025-09-09 20:28:10 [ERROR]: request-error
 2025-09-09 20:28:10 [ERROR]: decode-errro
 2025-09-09 20:28:12 [ERROR]: request-error
 2025-09-09 20:28:14 [ERROR]: request-error
 2025-09-09 20:28:25 [ERROR]: request-error
 2025-09-09 20:28:25 [ERROR]: request-error
 2025-09-09 20:28:44 [ERROR]: request-error
 2025-09-09 20:28:44 [ERROR]: decode-errro
 2025-09-09 20:28:44 [ERROR]: request-error
 2025-09-09 20:28:44 [ERROR]: decode-errro
 2025-09-09 20:29:33 [ERROR]: request-error
 2025-09-09 20:29:40 [ERROR]: request-error
 2025-09-09 20:29:40 [ERROR]: request-error
 2025-09-09 20:29:58 [ERROR]: request-error
 2025-09-09 20:30:26 [ERROR]: request-error
 2025-09-09 20:34:59 [ERROR]: Converting circular structure to JSON
    --> starting at object with constructor 'Socket'
    |     property 'parser' -> object with constructor 'HTTPParser'
    --- property 'socket' closes the circle
 2025-09-09 20:35:47 [ERROR]: Cannot read properties of undefined (reading 'id')
 2025-09-09 20:37:32 [ERROR]: Cannot read properties of undefined (reading 'id')
 2025-09-09 20:37:34 [ERROR]: Cannot read properties of undefined (reading 'id')
 2025-09-09 20:37:34 [ERROR]: Cannot read properties of undefined (reading 'id')
 2025-09-09 20:37:56 [ERROR]: Cannot read properties of undefined (reading 'id')
 2025-09-09 20:37:59 [ERROR]: Cannot read properties of undefined (reading 'id')
 2025-09-09 20:37:59 [ERROR]: Cannot read properties of undefined (reading 'id')
 2025-09-09 20:38:05 [ERROR]: Cannot read properties of undefined (reading 'id')
 2025-09-09 20:38:28 [ERROR]: Cannot read properties of undefined (reading 'id')
 2025-09-09 20:39:04 [ERROR]: Cannot read properties of undefined (reading 'id')
 2025-09-09 22:01:10 [ERROR]: E11000 duplicate key error collection: job-board.recruiters index: userId_1 dup key: { userId: null }
 2025-09-09 22:01:31 [ERROR]: E11000 duplicate key error collection: job-board.recruiters index: userId_1 dup key: { userId: null }
 2025-09-09 22:15:40 [ERROR]: newUser is not defined
 2025-09-09 22:15:40 [ERROR]: newUser is not defined
 2025-09-09 23:12:16 [ERROR]: validationResult is not defined
 2025-09-09 23:12:32 [ERROR]: email is not defined
 2025-09-09 23:13:08 [ERROR]: Company validation failed: industry: Path `industry` is required.
 2025-09-09 23:14:17 [ERROR]: E11000 duplicate key error collection: job-board.companies index: companyEmail_1 dup key: { companyEmail: null }
 2025-09-15 06:58:38 [ERROR]: recruiter is not defined
 2025-09-15 06:58:39 [ERROR]: recruiter is not defined
 2025-09-15 07:05:03 [ERROR]: secretOrPrivateKey must have a value
 2025-09-15 07:05:03 [ERROR]: ErrorHandler is not defined
 2025-09-15 07:05:04 [ERROR]: secretOrPrivateKey must have a value
 2025-09-15 07:05:04 [ERROR]: ErrorHandler is not defined
 2025-09-15 07:05:54 [ERROR]: Cast to ObjectId failed for value "5492645965697" (type number) at path "_id" for model "Recruiter"
 2025-09-15 07:06:26 [ERROR]: Cast to ObjectId failed for value "5492645965697" (type number) at path "_id" for model "Recruiter"
 2025-09-15 07:06:30 [ERROR]: Cast to ObjectId failed for value "5492645965697" (type number) at path "_id" for model "Recruiter"
 2025-09-15 07:08:10 [ERROR]: Cast to ObjectId failed for value "5492645965697" (type number) at path "_id" for model "Recruiter"
 2025-09-15 07:08:17 [ERROR]: Cast to ObjectId failed for value "5492645965697" (type number) at path "_id" for model "Recruiter"
 2025-09-15 07:08:25 [ERROR]: Cast to ObjectId failed for value "5492645965697" (type number) at path "_id" for model "Recruiter"
 2025-09-26 11:05:42 [ERROR]: secretOrPrivateKey must have a value
 2025-09-26 11:05:44 [ERROR]: secretOrPrivateKey must have a value
 2025-09-26 11:06:19 [ERROR]: secretOrPrivateKey must have a value
 2025-09-26 19:42:53 [ERROR]: secretOrPrivateKey must have a value
 2025-09-26 19:42:53 [ERROR]: failed to generate Token
 2025-09-30 21:59:17 [ERROR]: Operation `recruiters.findOne()` buffering timed out after 10000ms
 2025-09-30 21:59:28 [ERROR]: Operation `recruiters.findOne()` buffering timed out after 10000ms
 2025-10-03 18:44:13 [ERROR]: secretOrPrivateKey must have a value
 2025-10-11 06:33:47 [ERROR]: Operation `recruiters.findOne()` buffering timed out after 10000ms
 2025-10-11 06:34:00 [ERROR]: Operation `recruiters.findOne()` buffering timed out after 10000ms
 2025-10-11 06:35:43 [ERROR]: Operation `recruiters.findOne()` buffering timed out after 10000ms
 2025-10-11 06:35:55 [ERROR]: Operation `recruiters.findOne()` buffering timed out after 10000ms
 2025-10-11 06:42:51 [ERROR]: Operation `recruiters.findOne()` buffering timed out after 10000ms
 2025-10-11 06:43:03 [ERROR]: Operation `recruiters.findOne()` buffering timed out after 10000ms
 2025-10-25 17:42:45 [ERROR]: secretOrPrivateKey must have a value
